<?xml version="1.0" encoding="UTF-8"?>
<testng-results ignored="0" total="1" passed="1" failed="0" skipped="0">
  <reporter-output>
  </reporter-output>
  <suite started-at="2024-09-10T02:58:46 IST" name="Default suite" finished-at="2024-09-10T02:58:58 IST" duration-ms="11753">
    <groups>
    </groups>
    <test started-at="2024-09-10T02:58:46 IST" name="Default test" finished-at="2024-09-10T02:58:58 IST" duration-ms="11753">
      <class name="org.TestCases.TCs_WatchDemoPage">
        <test-method is-config="true" signature="setup()[pri:0, instance:org.TestCases.TCs_WatchDemoPage@1e0b4072]" started-at="2024-09-10T02:58:46 IST" name="setup" finished-at="2024-09-10T02:58:55 IST" duration-ms="8711" status="PASS">
          <reporter-output>
          </reporter-output>
        </test-method> <!-- setup -->
        <test-method signature="verifyTheScheduleDemoFunctionalityWithValidCredentials()[pri:0, instance:org.TestCases.TCs_WatchDemoPage@1e0b4072]" started-at="2024-09-10T02:58:55 IST" name="verifyTheScheduleDemoFunctionalityWithValidCredentials" finished-at="2024-09-10T02:58:57 IST" duration-ms="2363" status="PASS">
          <reporter-output>
          </reporter-output>
        </test-method> <!-- verifyTheScheduleDemoFunctionalityWithValidCredentials -->
        <test-method is-config="true" signature="tearDown()[pri:0, instance:org.TestCases.TCs_WatchDemoPage@1e0b4072]" started-at="2024-09-10T02:58:57 IST" name="tearDown" finished-at="2024-09-10T02:58:58 IST" duration-ms="560" status="PASS">
          <reporter-output>
          </reporter-output>
        </test-method> <!-- tearDown -->
      </class> <!-- org.TestCases.TCs_WatchDemoPage -->
    </test> <!-- Default test -->
  </suite> <!-- Default suite -->
</testng-results>
